e:\frame\client\default\debug\client.pch
e:\frame\client\default\debug\vc140.pdb
e:\frame\client\default\debug\vc140.idb
e:\frame\client\default\debug\stdafx.obj
e:\frame\client\default\debug\towerhiteffect.obj
e:\frame\client\default\debug\tresurechest.obj
e:\frame\client\default\debug\verticalbarbackground.obj
e:\frame\client\default\debug\verticalbarbackgroundrev.obj
e:\frame\client\default\debug\verticalbarhp.obj
e:\frame\client\default\debug\verticalbarhpeffect.obj
e:\frame\client\default\debug\verticalbarmpeffect.obj
e:\frame\client\default\debug\walltorchangle.obj
e:\frame\client\default\debug\walltorchdouble.obj
e:\frame\client\default\debug\walltorchheight.obj
e:\frame\client\default\debug\walltorchlong.obj
e:\frame\client\default\debug\walltorchsingle.obj
e:\frame\client\default\debug\walltorchtriple.obj
e:\frame\client\default\debug\wavebar.obj
e:\frame\client\default\debug\wavebarcontents.obj
e:\frame\client\default\debug\waveinfo.obj
e:\frame\client\default\debug\wavenum.obj
e:\frame\client\default\debug\wavepanel.obj
e:\frame\client\default\debug\yellowexplosion.obj
e:\frame\client\default\debug\client.obj
e:\frame\client\default\debug\shortstair.obj
e:\frame\client\default\debug\skilldamagenumpanel.obj
e:\frame\client\default\debug\skilldamagepanel.obj
e:\frame\client\default\debug\skillicon.obj
e:\frame\client\default\debug\skillpanel.obj
e:\frame\client\default\debug\skybox.obj
e:\frame\client\default\debug\soundmgr.obj
e:\frame\client\default\debug\stageterrain.obj
e:\frame\client\default\debug\statbackground.obj
e:\frame\client\default\debug\staticloadobject.obj
e:\frame\client\default\debug\statpanel.obj
e:\frame\client\default\debug\statui.obj
e:\frame\client\default\debug\strikebeam.obj
e:\frame\client\default\debug\striketower.obj
e:\frame\client\default\debug\striketowericon.obj
e:\frame\client\default\debug\summondecal.obj
e:\frame\client\default\debug\textpanel.obj
e:\frame\client\default\debug\textui.obj
e:\frame\client\default\debug\tower.obj
e:\frame\client\default\debug\towerbullet.obj
e:\frame\client\default\debug\phase.obj
e:\frame\client\default\debug\player.obj
e:\frame\client\default\debug\playerinfo.obj
e:\frame\client\default\debug\playerinfopanel.obj
e:\frame\client\default\debug\playerui.obj
e:\frame\client\default\debug\pointicon.obj
e:\frame\client\default\debug\pointnumpanel.obj
e:\frame\client\default\debug\poisionfield.obj
e:\frame\client\default\debug\poisonfieldeffect.obj
e:\frame\client\default\debug\presentbomb.obj
e:\frame\client\default\debug\projectile.obj
e:\frame\client\default\debug\railset.obj
e:\frame\client\default\debug\rangedecal.obj
e:\frame\client\default\debug\sceneintro.obj
e:\frame\client\default\debug\scene_magnus.obj
e:\frame\client\default\debug\sharpbullet.obj
e:\frame\client\default\debug\sharpbulleteffect.obj
e:\frame\client\default\debug\sharpbulletexplosive.obj
e:\frame\client\default\debug\shield.obj
e:\frame\client\default\debug\shieldicon.obj
e:\frame\client\default\debug\manadownicon.obj
e:\frame\client\default\debug\mananumpanel.obj
e:\frame\client\default\debug\manapanel.obj
e:\frame\client\default\debug\manatoken.obj
e:\frame\client\default\debug\missiletowerbullet.obj
e:\frame\client\default\debug\missiletowericon.obj
e:\frame\client\default\debug\missiltower.obj
e:\frame\client\default\debug\monster.obj
e:\frame\client\default\debug\monstercontroller.obj
e:\frame\client\default\debug\monsterhpbar.obj
e:\frame\client\default\debug\monsterhpcolor.obj
e:\frame\client\default\debug\monsterhpcurr.obj
e:\frame\client\default\debug\monsterhpframe.obj
e:\frame\client\default\debug\monsterui.obj
e:\frame\client\default\debug\mousepoint.obj
e:\frame\client\default\debug\numberui.obj
e:\frame\client\default\debug\numicon.obj
e:\frame\client\default\debug\orcbruiser.obj
e:\frame\client\default\debug\panel.obj
e:\frame\client\default\debug\percenticon.obj
e:\frame\client\default\debug\intro.obj
e:\frame\client\default\debug\item.obj
e:\frame\client\default\debug\itemeffect.obj
e:\frame\client\default\debug\largecrystalstaff.obj
e:\frame\client\default\debug\lavaeffect.obj
e:\frame\client\default\debug\lavafogeffect.obj
e:\frame\client\default\debug\levelpanel.obj
e:\frame\client\default\debug\lightningbolteffect.obj
e:\frame\client\default\debug\lightningsphere.obj
e:\frame\client\default\debug\lightningtower.obj
e:\frame\client\default\debug\lightningtowericon.obj
e:\frame\client\default\debug\lightobject.obj
e:\frame\client\default\debug\loading.obj
e:\frame\client\default\debug\loadingbarcontent.obj
e:\frame\client\default\debug\loadingbarframe.obj
e:\frame\client\default\debug\longrail.obj
e:\frame\client\default\debug\longstair.obj
e:\frame\client\default\debug\magnuscontroller.obj
e:\frame\client\default\debug\magnusquarter.obj
e:\frame\client\default\debug\mainapp.obj
e:\frame\client\default\debug\damageupicon.obj
e:\frame\client\default\debug\darkelfarcher.obj
e:\frame\client\default\debug\darkelfarrow.obj
e:\frame\client\default\debug\decal.obj
e:\frame\client\default\debug\demon.obj
e:\frame\client\default\debug\doticon.obj
e:\frame\client\default\debug\doublerail.obj
e:\frame\client\default\debug\effect.obj
e:\frame\client\default\debug\emptypanel.obj
e:\frame\client\default\debug\firebullet.obj
e:\frame\client\default\debug\firebulletfireeffect.obj
e:\frame\client\default\debug\fogeffect.obj
e:\frame\client\default\debug\glowball.obj
e:\frame\client\default\debug\goblin.obj
e:\frame\client\default\debug\healicon.obj
e:\frame\client\default\debug\healthnumpanel.obj
e:\frame\client\default\debug\healthpanel.obj
e:\frame\client\default\debug\healthupicon.obj
e:\frame\client\default\debug\hpbarcontent.obj
e:\frame\client\default\debug\hpbarui.obj
e:\frame\client\default\debug\bridgewall.obj
e:\frame\client\default\debug\buildeffect.obj
e:\frame\client\default\debug\buildicon.obj
e:\frame\client\default\debug\buildloadingbar.obj
e:\frame\client\default\debug\buildloadingcontent.obj
e:\frame\client\default\debug\buildobject.obj
e:\frame\client\default\debug\buildpoint.obj
e:\frame\client\default\debug\bullet.obj
e:\frame\client\default\debug\cameradynamic.obj
e:\frame\client\default\debug\centerarch.obj
e:\frame\client\default\debug\centerwall.obj
e:\frame\client\default\debug\cooldownicon.obj
e:\frame\client\default\debug\coolnumpanel.obj
e:\frame\client\default\debug\coolpanel.obj
e:\frame\client\default\debug\crossbow.obj
e:\frame\client\default\debug\crossbowarrow.obj
e:\frame\client\default\debug\crossstair.obj
e:\frame\client\default\debug\crystalstaff.obj
e:\frame\client\default\debug\damagebuffer.obj
e:\frame\client\default\debug\damagefont.obj
e:\frame\client\default\debug\abilitynumpanel.obj
e:\frame\client\default\debug\arcanepad.obj
e:\frame\client\default\debug\attacknumpanel.obj
e:\frame\client\default\debug\attackpanel.obj
e:\frame\client\default\debug\backlogo.obj
e:\frame\client\default\debug\blueexplosion.obj
e:\frame\client\default\debug\bombeffect.obj
e:\frame\client\default\debug\bloodeffect.obj
e:\frame\client\default\debug\bombicon.obj
e:\frame\client\default\debug\crystal.obj
e:\frame\client\default\debug\crystalcore.obj
e:\frame\client\default\debug\crystalhead.obj
e:\frame\client\default\debug\crystalring.obj
e:\frame\client\default\debug\expbar.obj
e:\frame\client\default\debug\firebulleteffect.obj
e:\frame\client\default\debug\kobold.obj
e:\frame\client\default\debug\lightningbolt.obj
e:\frame\client\default\debug\lightshot.obj
e:\frame\client\default\debug\monsterhpnum.obj
e:\frame\client\default\debug\numberpanel.obj
e:\frame\client\default\debug\poisionfieldicon.obj
e:\frame\client\default\debug\shotgun.obj
e:\frame\client\default\debug\staticmapobject.obj
e:\frame\client\default\debug\verticalbarmp.obj
e:\frame\client\bin\shader.cso
e:\frame\client\bin\shadereffect.cso
e:\frame\client\bin\shaderui.cso
e:\frame\client\bin\shaderui_cool.cso
e:\frame\client\bin\shadervertical.cso
e:\frame\client\bin\shaderverticaleffect.cso
e:\frame\client\bin\shader_default.cso
e:\frame\client\bin\shader_tower_bullet.cso
e:\frame\client\bin\client.ilk
e:\frame\client\bin\client.exe
e:\frame\client\bin\client.pdb
e:\frame\client\default\debug\client.res
e:\frame\client\default\..\bin\client.exe
e:\frame\client\default\debug\client.tlog\cl.command.1.tlog
e:\frame\client\default\debug\client.tlog\cl.read.1.tlog
e:\frame\client\default\debug\client.tlog\cl.write.1.tlog
e:\frame\client\default\debug\client.tlog\client.write.1u.tlog
e:\frame\client\default\debug\client.tlog\fxc.command.1.tlog
e:\frame\client\default\debug\client.tlog\fxc.read.1.tlog
e:\frame\client\default\debug\client.tlog\fxc.write.1.tlog
e:\frame\client\default\debug\client.tlog\link.command.1.tlog
e:\frame\client\default\debug\client.tlog\link.read.1.tlog
e:\frame\client\default\debug\client.tlog\link.write.1.tlog
e:\frame\client\default\debug\client.tlog\rc.command.1.tlog
e:\frame\client\default\debug\client.tlog\rc.read.1.tlog
e:\frame\client\default\debug\client.tlog\rc.write.1.tlog
