e:\frame\engine\default\debug\vc140.pdb
e:\frame\engine\default\debug\vc140.idb
e:\frame\engine\default\debug\inputdev.obj
e:\frame\engine\default\debug\layer.obj
e:\frame\engine\default\debug\light.obj
e:\frame\engine\default\debug\lightmgr.obj
e:\frame\engine\default\debug\management.obj
e:\frame\engine\default\debug\meshdynamic.obj
e:\frame\engine\default\debug\meshstatic.obj
e:\frame\engine\default\debug\monsphere.obj
e:\frame\engine\default\debug\navimesh.obj
e:\frame\engine\default\debug\renderer.obj
e:\frame\engine\default\debug\rendertargetmgr.obj
e:\frame\engine\default\debug\render_target.obj
e:\frame\engine\default\debug\scene.obj
e:\frame\engine\default\debug\screentex_buffer.obj
e:\frame\engine\default\debug\shader.obj
e:\frame\engine\default\debug\texture.obj
e:\frame\engine\default\debug\timemgr.obj
e:\frame\engine\default\debug\timer.obj
e:\frame\engine\default\debug\transform.obj
e:\frame\engine\default\debug\vibuffer.obj
e:\frame\engine\default\debug\animaitionctrl.obj
e:\frame\engine\default\debug\base.obj
e:\frame\engine\default\debug\cameraobject.obj
e:\frame\engine\default\debug\cell.obj
e:\frame\engine\default\debug\collider.obj
e:\frame\engine\default\debug\component.obj
e:\frame\engine\default\debug\componentmgr.obj
e:\frame\engine\default\debug\frustum.obj
e:\frame\engine\default\debug\gameobject.obj
e:\frame\engine\default\debug\gameobjectmgr.obj
e:\frame\engine\default\debug\graphicdev.obj
e:\frame\engine\default\debug\hierachyloader.obj
e:\frame\engine\default\debug\rectui.obj
e:\frame\engine\bin\shadercollider.cso
e:\frame\engine\bin\shader_blend.cso
e:\frame\engine\bin\shader_blur.cso
e:\frame\engine\bin\shader_decal.cso
e:\frame\engine\bin\shader_light.cso
e:\frame\engine\bin\shader_outline.cso
e:\frame\engine\bin\shader_render.cso
e:\frame\engine\bin\engine.lib
e:\frame\engine\bin\engine.exp
e:\frame\engine\bin\engine.ilk
e:\frame\engine\bin\engine.dll
e:\frame\engine\bin\engine.pdb
e:\frame\engine\default\..\bin\engine.dll
e:\frame\engine\default\debug\engine.tlog\cl.command.1.tlog
e:\frame\engine\default\debug\engine.tlog\cl.read.1.tlog
e:\frame\engine\default\debug\engine.tlog\cl.write.1.tlog
e:\frame\engine\default\debug\engine.tlog\engine.write.1u.tlog
e:\frame\engine\default\debug\engine.tlog\fxc.command.1.tlog
e:\frame\engine\default\debug\engine.tlog\fxc.read.1.tlog
e:\frame\engine\default\debug\engine.tlog\fxc.write.1.tlog
e:\frame\engine\default\debug\engine.tlog\link.command.1.tlog
e:\frame\engine\default\debug\engine.tlog\link.read.1.tlog
e:\frame\engine\default\debug\engine.tlog\link.write.1.tlog
